<?xml version="1.0" encoding="UTF-8"?>
<testsuite name="com.example.miageGR1.MiageGr1ApplicationTests" tests="1" skipped="0" failures="0" errors="0" timestamp="2024-10-16T09:57:02" hostname="DESKTOP-HN896IR" time="0.399">
  <properties/>
  <testcase name="contextLoads()" classname="com.example.miageGR1.MiageGr1ApplicationTests" time="0.399"/>
  <system-out><![CDATA[11:57:01.420 [Test worker] INFO org.springframework.test.context.support.AnnotationConfigContextLoaderUtils -- Could not detect default configuration classes for test class [com.example.miageGR1.MiageGr1ApplicationTests]: MiageGr1ApplicationTests does not declare any static, non-private, non-final, nested classes annotated with @Configuration.
11:57:01.474 [Test worker] INFO org.springframework.boot.test.context.SpringBootTestContextBootstrapper -- Found @SpringBootConfiguration com.example.miageGR1.MiageGr1Application for test class com.example.miageGR1.MiageGr1ApplicationTests

  .   ____          _            __ _ _
 /\\ / ___'_ __ _ _(_)_ __  __ _ \ \ \ \
( ( )\___ | '_ | '_| | '_ \/ _` | \ \ \ \
 \\/  ___)| |_)| | | | | || (_| |  ) ) ) )
  '  |____| .__|_| |_|_| |_\__, | / / / /
 =========|_|==============|___/=/_/_/_/

 :: Spring Boot ::                (v3.3.4)

2024-10-16T11:57:01.692+02:00  INFO 22332 --- [miageGR1] [    Test worker] c.e.miageGR1.MiageGr1ApplicationTests    : Starting MiageGr1ApplicationTests using Java 21.0.4 with PID 22332 (started by tangu in C:\Users\tangu\Desktop\miageGR1-main\miageGR1-main)
2024-10-16T11:57:01.693+02:00  INFO 22332 --- [miageGR1] [    Test worker] c.e.miageGR1.MiageGr1ApplicationTests    : No active profile set, falling back to 1 default profile: "default"
2024-10-16T11:57:02.277+02:00  INFO 22332 --- [miageGR1] [    Test worker] c.e.miageGR1.MiageGr1ApplicationTests    : Started MiageGr1ApplicationTests in 0.716 seconds (process running for 1.358)
]]></system-out>
  <system-err><![CDATA[WARNING: A Java agent has been loaded dynamically (C:\Users\tangu\.gradle\caches\modules-2\files-2.1\net.bytebuddy\byte-buddy-agent\1.14.19\154da3a65b4f4a909d3e5bdec55d1b2b4cbb6ce1\byte-buddy-agent-1.14.19.jar)
WARNING: If a serviceability tool is in use, please run with -XX:+EnableDynamicAgentLoading to hide this warning
WARNING: If a serviceability tool is not in use, please run with -Djdk.instrument.traceUsage for more information
WARNING: Dynamic loading of agents will be disallowed by default in a future release
]]></system-err>
</testsuite>
